  server.cpp
C:\Users\19309\Desktop\文档\计算机网络\chat\server\server.cpp(107,15): warning C4477: “sprintf”: 格式字符串“%d”需要类型“int”的参数，但可变参数 1 拥有了类型“SOCKET”
C:\Users\19309\Desktop\文档\计算机网络\chat\server\server.cpp(107,15): message : 请考虑在格式字符串中使用“%lld”
C:\Users\19309\Desktop\文档\计算机网络\chat\server\server.cpp(107,15): message : 请考虑在格式字符串中使用“%Id”
C:\Users\19309\Desktop\文档\计算机网络\chat\server\server.cpp(107,15): message : 请考虑在格式字符串中使用“%I64d”
C:\Users\19309\Desktop\文档\计算机网络\chat\server\server.cpp(107,2): warning C4996: 'sprintf': This function or variable may be unsafe. Consider using sprintf_s instead. To disable deprecation, use _CRT_SECURE_NO_WARNINGS. See online help for details.
C:\Users\19309\Desktop\文档\计算机网络\chat\server\server.cpp(125,4): warning C4996: 'strcpy': This function or variable may be unsafe. Consider using strcpy_s instead. To disable deprecation, use _CRT_SECURE_NO_WARNINGS. See online help for details.
C:\Users\19309\Desktop\文档\计算机网络\chat\server\server.cpp(126,4): warning C4996: 'strcat': This function or variable may be unsafe. Consider using strcat_s instead. To disable deprecation, use _CRT_SECURE_NO_WARNINGS. See online help for details.
C:\Users\19309\Desktop\文档\计算机网络\chat\server\server.cpp(127,4): warning C4996: 'strcat': This function or variable may be unsafe. Consider using strcat_s instead. To disable deprecation, use _CRT_SECURE_NO_WARNINGS. See online help for details.
C:\Users\19309\Desktop\文档\计算机网络\chat\server\server.cpp(142,4): warning C4996: 'strcat': This function or variable may be unsafe. Consider using strcat_s instead. To disable deprecation, use _CRT_SECURE_NO_WARNINGS. See online help for details.
C:\Users\19309\Desktop\文档\计算机网络\chat\server\server.cpp(158,4): warning C4996: 'strcpy': This function or variable may be unsafe. Consider using strcpy_s instead. To disable deprecation, use _CRT_SECURE_NO_WARNINGS. See online help for details.
C:\Users\19309\Desktop\文档\计算机网络\chat\server\server.cpp(165,6): warning C4996: 'strcat': This function or variable may be unsafe. Consider using strcat_s instead. To disable deprecation, use _CRT_SECURE_NO_WARNINGS. See online help for details.
C:\Users\19309\Desktop\文档\计算机网络\chat\server\server.cpp(166,6): warning C4996: 'strcat': This function or variable may be unsafe. Consider using strcat_s instead. To disable deprecation, use _CRT_SECURE_NO_WARNINGS. See online help for details.
C:\Users\19309\Desktop\文档\计算机网络\chat\server\server.cpp(167,6): warning C4996: 'strcat': This function or variable may be unsafe. Consider using strcat_s instead. To disable deprecation, use _CRT_SECURE_NO_WARNINGS. See online help for details.
C:\Users\19309\Desktop\文档\计算机网络\chat\server\server.cpp(179,4): warning C4996: 'strcpy': This function or variable may be unsafe. Consider using strcpy_s instead. To disable deprecation, use _CRT_SECURE_NO_WARNINGS. See online help for details.
C:\Users\19309\Desktop\文档\计算机网络\chat\server\server.cpp(180,4): warning C4996: 'strcat': This function or variable may be unsafe. Consider using strcat_s instead. To disable deprecation, use _CRT_SECURE_NO_WARNINGS. See online help for details.
C:\Users\19309\Desktop\文档\计算机网络\chat\server\server.cpp(181,4): warning C4996: 'strcat': This function or variable may be unsafe. Consider using strcat_s instead. To disable deprecation, use _CRT_SECURE_NO_WARNINGS. See online help for details.
C:\Users\19309\Desktop\文档\计算机网络\chat\server\server.cpp(199,2): warning C4996: 'strcpy': This function or variable may be unsafe. Consider using strcpy_s instead. To disable deprecation, use _CRT_SECURE_NO_WARNINGS. See online help for details.
C:\Users\19309\Desktop\文档\计算机网络\chat\server\server.cpp(200,2): warning C4996: 'strcat': This function or variable may be unsafe. Consider using strcat_s instead. To disable deprecation, use _CRT_SECURE_NO_WARNINGS. See online help for details.
  server.vcxproj -> C:\Users\19309\Desktop\文档\计算机网络\chat\server\x64\Debug\server.exe
